<?xml version="1.0" encoding="UTF-8"?>
<Site BuildName="(empty)"
	BuildStamp="20250725-0740-Experimental"
	Name="addinedu-GP75-Leopard-10SEK"
	Generator="ctest-3.28.3"
	CompilerName="/usr/bin/g++"
	CompilerVersion="13.3.0"
	OSName="Linux"
	Hostname="addinedu-GP75-Leopard-10SEK"
	OSRelease="6.14.0-24-generic"
	OSVersion="#24~24.04.3-Ubuntu SMP PREEMPT_DYNAMIC Mon Jul  7 16:39:17 UTC 2"
	OSPlatform="x86_64"
	Is64Bits="1"
	VendorString="GenuineIntel"
	VendorID="Intel Corporation"
	FamilyID="6"
	ModelID="165"
	ProcessorCacheSize="12288"
	NumberOfLogicalCPU="12"
	NumberOfPhysicalCPU="6"
	TotalVirtualMemory="4095"
	TotalPhysicalMemory="15751"
	LogicalProcessorsPerPhysical="2"
	ProcessorClockFrequency="4370.8"
	>
	<Testing>
		<StartDateTime>Jul 25 17:32 KST</StartDateTime>
		<StartTestTime>1753432358</StartTestTime>
		<TestList/>
		<EndDateTime>Jul 25 17:32 KST</EndDateTime>
		<EndTestTime>1753432358</EndTestTime>
		<ElapsedMinutes>0</ElapsedMinutes>
	</Testing>
</Site>
